<?xml version="1.0" encoding="UTF-8"?>
<robot generator="Robot 6.1.1 (Python 3.11.4 on win32)" generated="20231009 17:33:33.281" rpa="false" schemaversion="4">
<suite id="s1" name="TC 01 Start Close Browser InputText" source="C:\Users\kdruthiv\PycharmProjects\RobotFrameworkPrac\TestCases\TC_01_Start_Close_Browser_InputText.robot">
<test id="s1-t1" name="Robot First TestCase" line="10">
<kw name="Open Browser" library="SeleniumLibrary">
<arg>${URL}</arg>
<arg>${Browser}</arg>
<doc>Opens a new browser instance to the optional ``url``.</doc>
<msg timestamp="20231009 17:33:33.553" level="INFO">Opening browser 'Firefox' to base url 'https:thetestingworld.com/testings'.</msg>
<status status="PASS" starttime="20231009 17:33:33.552" endtime="20231009 17:33:43.373"/>
</kw>
<kw name="Maximize Browser Window" library="SeleniumLibrary">
<doc>Maximizes current browser window.</doc>
<status status="PASS" starttime="20231009 17:33:43.374" endtime="20231009 17:33:43.388"/>
</kw>
<kw name="Input Text" library="SeleniumLibrary">
<arg>name:fld_username</arg>
<arg>Testing</arg>
<doc>Types the given ``text`` into the text field identified by ``locator``.</doc>
<msg timestamp="20231009 17:33:43.391" level="INFO">Typing text 'Testing' into text field 'name:fld_username'.</msg>
<status status="PASS" starttime="20231009 17:33:43.389" endtime="20231009 17:33:43.467"/>
</kw>
<kw name="Input Text" library="SeleniumLibrary">
<arg>xpath://input[@placeholder='myusername']</arg>
<arg>testing@test.com</arg>
<doc>Types the given ``text`` into the text field identified by ``locator``.</doc>
<msg timestamp="20231009 17:33:43.468" level="INFO">Typing text 'testing@test.com' into text field 'xpath://input[@placeholder='myusername']'.</msg>
<status status="PASS" starttime="20231009 17:33:43.468" endtime="20231009 17:33:43.508"/>
</kw>
<kw name="Clear Element Text" library="SeleniumLibrary">
<arg>name:fld_username</arg>
<doc>Clears the value of the text-input-element identified by ``locator``.</doc>
<status status="PASS" starttime="20231009 17:33:43.508" endtime="20231009 17:33:43.525"/>
</kw>
<kw name="Close Browser" library="SeleniumLibrary">
<doc>Closes the current browser.</doc>
<status status="PASS" starttime="20231009 17:33:43.526" endtime="20231009 17:33:45.156"/>
</kw>
<status status="PASS" starttime="20231009 17:33:33.552" endtime="20231009 17:33:45.156"/>
</test>
<status status="PASS" starttime="20231009 17:33:33.285" endtime="20231009 17:33:45.158"/>
</suite>
<statistics>
<total>
<stat pass="1" fail="0" skip="0">All Tests</stat>
</total>
<tag>
</tag>
<suite>
<stat pass="1" fail="0" skip="0" id="s1" name="TC 01 Start Close Browser InputText">TC 01 Start Close Browser InputText</stat>
</suite>
</statistics>
<errors>
</errors>
</robot>
